#-----------------------------------------------------------
# Vivado v2024.2 (64-bit)
# SW Build 5239630 on Fri Nov 08 22:35:27 MST 2024
# IP Build 5239520 on Sun Nov 10 16:12:51 MST 2024
# SharedData Build 5239561 on Fri Nov 08 14:39:27 MST 2024
# Start of session at: Fri Sep  5 19:35:18 2025
# Process ID         : 5804
# Current directory  : C:/Users/Varada Govind/Documents/Coding/Verilog/Memories/Dual Port Ram
# Command line       : vivado.exe -gui_launcher_event rodinguilauncherevent3468 C:\Users\Varada Govind\Documents\Coding\Verilog\Memories\Dual Port Ram\Dual Port Ram.xpr
# Log file           : C:/Users/Varada Govind/Documents/Coding/Verilog/Memories/Dual Port Ram/vivado.log
# Journal file       : C:/Users/Varada Govind/Documents/Coding/Verilog/Memories/Dual Port Ram\vivado.jou
# Running On         : AsusTuf-A16
# Platform           : Windows Server 2016 or Windows 10
# Operating System   : 26100
# Processor Detail   : AMD Ryzen 7 7735HS with Radeon Graphics        
# CPU Frequency      : 3194 MHz
# CPU Physical cores : 8
# CPU Logical cores  : 16
# Host memory        : 16366 MB
# Swap memory        : 7784 MB
# Total Virtual      : 24151 MB
# Available Virtual  : 13890 MB
#-----------------------------------------------------------
start_gui
open_project {C:/Users/Varada Govind/Documents/Coding/Verilog/Memories/Dual Port Ram/Dual Port Ram.xpr}
INFO: [filemgmt 56-3] Default IP Output Path : Could not find the directory 'C:/Users/Varada Govind/Documents/Coding/Verilog/Memories/Dual Port Ram/Dual Port Ram.gen/sources_1'.
Scanning sources...
Finished scanning sources
INFO: [IP_Flow 19-234] Refreshing IP repositories
INFO: [IP_Flow 19-1704] No user IP repositories specified
INFO: [IP_Flow 19-2313] Loaded Vivado IP repository 'C:/Xilinx/Vivado/2024.2/data/ip'.
open_project: Time (s): cpu = 00:00:11 ; elapsed = 00:00:05 . Memory (MB): peak = 1228.645 ; gain = 111.617
update_compile_order -fileset sources_1
WARNING: [filemgmt 56-199] Attempt to get parsing info during refresh. "On-the-fly" syntax checking information may be incorrect. [C:\Users\Varada Govind\Documents\Coding\Verilog\Memories\Dual Port Ram\Dual Port Ram.srcs\sources_1\new\Final_Version.v:]
WARNING: [filemgmt 56-199] Attempt to get parsing info during refresh. "On-the-fly" syntax checking information may be incorrect. [C:\Users\Varada Govind\Documents\Coding\Verilog\Memories\Dual Port Ram\Dual Port Ram.srcs\sources_1\new\Version_1.v:]
WARNING: [filemgmt 56-199] Attempt to get parsing info during refresh. "On-the-fly" syntax checking information may be incorrect. [C:\Users\Varada Govind\Documents\Coding\Verilog\Memories\Dual Port Ram\Dual Port Ram.srcs\sources_1\new\Modified_Version.v:]
WARNING: [filemgmt 56-199] Attempt to get parsing info during refresh. "On-the-fly" syntax checking information may be incorrect. [C:\Users\Varada Govind\Documents\Coding\Verilog\Memories\Dual Port Ram\Dual Port Ram.srcs\sources_1\new\Modified_Version.v:]
WARNING: [filemgmt 56-199] Attempt to get parsing info during refresh. "On-the-fly" syntax checking information may be incorrect. [C:\Users\Varada Govind\Documents\Coding\Verilog\Memories\Dual Port Ram\Dual Port Ram.srcs\sources_1\new\Modified_Version.v:]
WARNING: [filemgmt 56-199] Attempt to get parsing info during refresh. "On-the-fly" syntax checking information may be incorrect. [C:\Users\Varada Govind\Documents\Coding\Verilog\Memories\Dual Port Ram\Dual Port Ram.srcs\sources_1\new\Final_Version.v:]
WARNING: [filemgmt 56-199] Attempt to get parsing info during refresh. "On-the-fly" syntax checking information may be incorrect. [C:\Users\Varada Govind\Documents\Coding\Verilog\Memories\Dual Port Ram\Dual Port Ram.srcs\sources_1\new\Version_1.v:]
WARNING: [filemgmt 56-199] Attempt to get parsing info during refresh. "On-the-fly" syntax checking information may be incorrect. [C:\Users\Varada Govind\Documents\Coding\Verilog\Memories\Dual Port Ram\Dual Port Ram.srcs\sources_1\new\Modified_Version.v:]
WARNING: [filemgmt 56-199] Attempt to get parsing info during refresh. "On-the-fly" syntax checking information may be incorrect. [C:\Users\Varada Govind\Documents\Coding\Verilog\Memories\Dual Port Ram\Dual Port Ram.srcs\sources_1\new\Final_Version.v:]
WARNING: [filemgmt 56-199] Attempt to get parsing info during refresh. "On-the-fly" syntax checking information may be incorrect. [C:\Users\Varada Govind\Documents\Coding\Verilog\Memories\Dual Port Ram\Dual Port Ram.srcs\sources_1\new\Final_Version.v:]
ERROR: [Common 17-180] Spawn failed: No error
exit
INFO: [Common 17-206] Exiting Vivado at Fri Sep  5 19:36:53 2025...
